<?xml version="1.0" encoding="UTF-8"?>
<!-- Generated by org.testng.reporters.JUnitXMLReporter -->
<testsuite ignored="8" hostname="MacBooks-MacBook-Pro.local" failures="4" tests="39" name="Riyadh_Tour_Automation_TESTNG" time="381.333" errors="0" timestamp="13 Jun 2020 14:49:19 GMT">
  <testcase classname="ApplicationRunningTest" name="applicationIsOpen" time="1.786"/>
  <testcase classname="MallsPageTests" name="areAllImagesDisplayed" time="3.362"/>
  <testcase classname="MallsPageTests" name="isFifthMallLocationCorrect" time="9.317"/>
  <testcase classname="MallsPageTests" name="isFifthMallWorkingHoursCorrect" time="3.047"/>
  <testcase classname="MallsPageTests" name="isFirstMallLocationCorrect" time="7.648">
    <failure type="java.lang.AssertionError" message="expected [Al Nakheel Mall] but found [Exit 9]">
      <![CDATA[java.lang.AssertionError: expected [Al Nakheel Mall] but found [Exit 9]
at MallsPageTests.isFirstMallLocationCorrect(MallsPageTests.java:49)
at com.intellij.rt.testng.IDEARemoteTestNG.run(IDEARemoteTestNG.java:66)
at com.intellij.rt.testng.RemoteTestNGStarter.main(RemoteTestNGStarter.java:110)
... Removed 28 stack frames]]>
    </failure>
  </testcase> <!-- isFirstMallLocationCorrect -->
  <testcase classname="MallsPageTests" name="isFirstMallWorkingHoursCorrect" time="3.483"/>
  <testcase classname="MallsPageTests" name="isFourthMallLocationCorrect" time="5.368"/>
  <testcase classname="MallsPageTests" name="isFourthMallWorkingHoursCorrect" time="3.131"/>
  <testcase classname="MallsPageTests" name="isMallsTabDisplayed" time="2.738"/>
  <testcase classname="MallsPageTests" name="isSecondMallLocationCorrect" time="5.52"/>
  <testcase classname="MallsPageTests" name="isSecondMallWorkingHoursCorrect" time="8.417"/>
  <testcase classname="MallsPageTests" name="isSuccessfullyRedirectedToGoogleMaps" time="28.884"/>
  <testcase classname="MallsPageTests" name="isThirdMallLocationCorrect" time="5.538"/>
  <testcase classname="MallsPageTests" name="isThirdMallWorkingHoursCorrect" time="8.475"/>
  <testcase classname="MosquesPageTests" name="isFifthMosqueLocationCorrect" time="5.075"/>
  <testcase classname="MosquesPageTests" name="isFifthMosqueWorkingHoursCorrect" time="2.933"/>
  <testcase classname="MosquesPageTests" name="isFirstMosqueLocationCorrect" time="5.728"/>
  <testcase classname="MosquesPageTests" name="isFirstMosqueWorkingHoursCorrect" time="2.762"/>
  <testcase classname="MosquesPageTests" name="isFourthMosqueLocationCorrect" time="5.1">
    <failure type="java.lang.AssertionError" message="expected [Princess Latifa Bint Sultan Bin Abdulaziz Grand Mosque] but found [takhasussi]">
      <![CDATA[java.lang.AssertionError: expected [Princess Latifa Bint Sultan Bin Abdulaziz Grand Mosque] but found [takhasussi]
at MosquesPageTests.isFourthMosqueLocationCorrect(MosquesPageTests.java:90)
at com.intellij.rt.testng.IDEARemoteTestNG.run(IDEARemoteTestNG.java:66)
at com.intellij.rt.testng.RemoteTestNGStarter.main(RemoteTestNGStarter.java:110)
... Removed 28 stack frames]]>
    </failure>
  </testcase> <!-- isFourthMosqueLocationCorrect -->
  <testcase classname="MosquesPageTests" name="isFourthMosqueWorkingHoursCorrect" time="2.936"/>
  <testcase classname="MosquesPageTests" name="isMosqueTabDisplayed" time="3.264"/>
  <testcase classname="MosquesPageTests" name="isSecondMosqueLocationCorrect" time="5.183"/>
  <testcase classname="MosquesPageTests" name="isSecondMosqueWorkingHoursCorrect" time="2.88"/>
  <testcase classname="MosquesPageTests" name="isSuccessfullyRedirectedToGoogleMaps" time="26.599"/>
  <testcase classname="MosquesPageTests" name="isThirdMosqueLocationCorrect" time="5.217"/>
  <testcase classname="MosquesPageTests" name="isThirdMosqueWorkingHoursCorrect" time="3.07"/>
  <testcase classname="MuseumsPageTests" name="areAllImagesDisplayed" time="3.108"/>
  <testcase classname="MuseumsPageTests" name="isFifthMuseumLocationCorrect" time="5.398">
    <failure type="java.lang.AssertionError" message="expected [King Salman Science Oasis] but found [Al Safarat]">
      <![CDATA[java.lang.AssertionError: expected [King Salman Science Oasis] but found [Al Safarat]
at MuseumsPageTests.isFifthMuseumLocationCorrect(MuseumsPageTests.java:110)
at com.intellij.rt.testng.IDEARemoteTestNG.run(IDEARemoteTestNG.java:66)
at com.intellij.rt.testng.RemoteTestNGStarter.main(RemoteTestNGStarter.java:110)
... Removed 28 stack frames]]>
    </failure>
  </testcase> <!-- isFifthMuseumLocationCorrect -->
  <testcase classname="MuseumsPageTests" name="isFifthMuseumWorkingHoursCorrect" time="2.749"/>
  <testcase classname="MuseumsPageTests" name="isFirstMuseumLocationCorrect" time="5.799"/>
  <testcase classname="MuseumsPageTests" name="isFirstMuseumWorkingHoursCorrect" time="2.729"/>
  <testcase classname="MuseumsPageTests" name="isFourthMuseumLocationCorrect" time="4.471"/>
  <testcase classname="MuseumsPageTests" name="isFourthMuseumWorkingHoursCorrect" time="2.757"/>
  <testcase classname="MuseumsPageTests" name="isMuseumsTabDisplayed" time="3.17"/>
  <testcase classname="MuseumsPageTests" name="isSecondMuseumLocationCorrect" time="4.711">
    <failure type="java.lang.AssertionError" message="expected [Saqr Aljazeera Aviation Museum] but found [Eastern Ring Branch Rd, King Abdullah Dt.]">
      <![CDATA[java.lang.AssertionError: expected [Saqr Aljazeera Aviation Museum] but found [Eastern Ring Branch Rd, King Abdullah Dt.]
at MuseumsPageTests.isSecondMuseumLocationCorrect(MuseumsPageTests.java:65)
at com.intellij.rt.testng.IDEARemoteTestNG.run(IDEARemoteTestNG.java:66)
at com.intellij.rt.testng.RemoteTestNGStarter.main(RemoteTestNGStarter.java:110)
... Removed 28 stack frames]]>
    </failure>
  </testcase> <!-- isSecondMuseumLocationCorrect -->
  <testcase classname="MuseumsPageTests" name="isSecondMuseumWorkingHoursCorrect" time="2.8"/>
  <testcase classname="MuseumsPageTests" name="isSuccessfullyRedirectedToGoogleMaps" time="24.497"/>
  <testcase classname="MuseumsPageTests" name="isThirdMuseumLocationCorrect" time="7.149"/>
  <testcase classname="MuseumsPageTests" name="isThirdMuseumWorkingHoursCorrect" time="3.124"/>
  <testcase classname="Page" name="@BeforeTest configureExtent" time="0.0">
    <ignored/>
  </testcase> <!-- @BeforeTest configureExtent -->
  <testcase classname="Page" name="@BeforeTest configureExtent" time="0.0">
    <ignored/>
  </testcase> <!-- @BeforeTest configureExtent -->
  <testcase classname="Page" name="@BeforeTest configureExtent" time="0.0">
    <ignored/>
  </testcase> <!-- @BeforeTest configureExtent -->
  <testcase classname="Page" name="@BeforeTest configureExtent" time="0.0">
    <ignored/>
  </testcase> <!-- @BeforeTest configureExtent -->
  <testcase classname="Page" name="@AfterTest endReport" time="0.0">
    <ignored/>
  </testcase> <!-- @AfterTest endReport -->
  <testcase classname="Page" name="@AfterTest endReport" time="0.0">
    <ignored/>
  </testcase> <!-- @AfterTest endReport -->
  <testcase classname="Page" name="@AfterTest endReport" time="0.0">
    <ignored/>
  </testcase> <!-- @AfterTest endReport -->
  <testcase classname="Page" name="@AfterTest endReport" time="0.0">
    <ignored/>
  </testcase> <!-- @AfterTest endReport -->
</testsuite> <!-- Riyadh_Tour_Automation_TESTNG -->
