<?xml version="1.0" encoding="UTF-8"?>
<!-- Generated by org.testng.reporters.JUnitXMLReporter -->
<testsuite ignored="0" hostname="MacBooks-MBP" failures="5" tests="39" name="Riyadh_Tour_Automation_TESTNG" time="191.705" errors="0" timestamp="11 Jun 2020 07:04:42 GMT">
  <testcase classname="ApplicationRunningTest" name="applicationIsOpen" time="2.588"/>
  <testcase classname="MallsPageTests" name="areAllImagesDisplayed" time="3.993"/>
  <testcase classname="MallsPageTests" name="isFifthMallLocationCorrect" time="8.139">
    <failure type="org.openqa.selenium.NoSuchElementException" message="An element could not be located on the page using the given search parameters.
For documentation on this error, please visit: https://www.seleniumhq.org/exceptions/no_such_element.html
Build info: version: &amp;apos;3.141.59&amp;apos;, revision: &amp;apos;e82be7d358&amp;apos;, time: &amp;apos;2018-11-14T08:17:03&amp;apos;
System info: host: &amp;apos;MacBooks-MBP&amp;apos;, ip: &amp;apos;fe80:0:0:0:14da:9952:1997:379c%en0&amp;apos;, os.name: &amp;apos;Mac OS X&amp;apos;, os.arch: &amp;apos;x86_64&amp;apos;, os.version: &amp;apos;10.15.4&amp;apos;, java.version: &amp;apos;13.0.2&amp;apos;
Driver info: io.appium.java_client.android.AndroidDriver
Capabilities {databaseEnabled: false, desired: {deviceName: Android Emulator, platformName: android, udid: emulator-5554, version: 10.0}, deviceApiLevel: 29, deviceManufacturer: Google, deviceModel: Android SDK built for x86, deviceName: emulator-5554, deviceScreenDensity: 560, deviceScreenSize: 1440x2960, deviceUDID: emulator-5554, javascriptEnabled: true, locationContextEnabled: false, networkConnectionEnabled: true, pixelRatio: 3.5, platform: LINUX, platformName: Android, platformVersion: 10, statBarHeight: 172, takesScreenshot: true, udid: emulator-5554, version: 10.0, viewportRect: {height: 2449, left: 0, top: 172, width: 1440}, warnings: {}, webStorageEnabled: false}
Session ID: 4924cda5-8203-4d06-adbe-714e7bef0672
*** Element info: {Using=xpath, value=/hierarchy/android.widget.FrameLayout/android.widget.LinearLayout/android.widget.FrameLayout/android.widget.LinearLayout/android.widget.FrameLayout/android.widget.FrameLayout/android.support.v4.widget.DrawerLayout/android.widget.LinearLayout/android.view.ViewGroup/android.view.ViewGroup/android.support.v7.widget.RecyclerView/android.widget.LinearLayout[2]/android.widget.FrameLayout/android.widget.RelativeLayout/android.widget.LinearLayout[1]}">
      <![CDATA[org.openqa.selenium.NoSuchElementException: An element could not be located on the page using the given search parameters.
For documentation on this error, please visit: https://www.seleniumhq.org/exceptions/no_such_element.html
Build info: version: '3.141.59', revision: 'e82be7d358', time: '2018-11-14T08:17:03'
System info: host: 'MacBooks-MBP', ip: 'fe80:0:0:0:14da:9952:1997:379c%en0', os.name: 'Mac OS X', os.arch: 'x86_64', os.version: '10.15.4', java.version: '13.0.2'
Driver info: io.appium.java_client.android.AndroidDriver
Capabilities {databaseEnabled: false, desired: {deviceName: Android Emulator, platformName: android, udid: emulator-5554, version: 10.0}, deviceApiLevel: 29, deviceManufacturer: Google, deviceModel: Android SDK built for x86, deviceName: emulator-5554, deviceScreenDensity: 560, deviceScreenSize: 1440x2960, deviceUDID: emulator-5554, javascriptEnabled: true, locationContextEnabled: false, networkConnectionEnabled: true, pixelRatio: 3.5, platform: LINUX, platformName: Android, platformVersion: 10, statBarHeight: 172, takesScreenshot: true, udid: emulator-5554, version: 10.0, viewportRect: {height: 2449, left: 0, top: 172, width: 1440}, warnings: {}, webStorageEnabled: false}
Session ID: 4924cda5-8203-4d06-adbe-714e7bef0672
*** Element info: {Using=xpath, value=/hierarchy/android.widget.FrameLayout/android.widget.LinearLayout/android.widget.FrameLayout/android.widget.LinearLayout/android.widget.FrameLayout/android.widget.FrameLayout/android.support.v4.widget.DrawerLayout/android.widget.LinearLayout/android.view.ViewGroup/android.view.ViewGroup/android.support.v7.widget.RecyclerView/android.widget.LinearLayout[2]/android.widget.FrameLayout/android.widget.RelativeLayout/android.widget.LinearLayout[1]}
at org.openqa.selenium.remote.http.W3CHttpResponseCodec.createException(W3CHttpResponseCodec.java:187)
at org.openqa.selenium.remote.http.W3CHttpResponseCodec.decode(W3CHttpResponseCodec.java:122)
at org.openqa.selenium.remote.http.W3CHttpResponseCodec.decode(W3CHttpResponseCodec.java:49)
at org.openqa.selenium.remote.HttpCommandExecutor.execute(HttpCommandExecutor.java:158)
at io.appium.java_client.remote.AppiumCommandExecutor.execute(AppiumCommandExecutor.java:239)
at org.openqa.selenium.remote.RemoteWebDriver.execute(RemoteWebDriver.java:552)
at io.appium.java_client.DefaultGenericMobileDriver.execute(DefaultGenericMobileDriver.java:41)
at io.appium.java_client.AppiumDriver.execute(AppiumDriver.java:1)
at io.appium.java_client.android.AndroidDriver.execute(AndroidDriver.java:1)
at org.openqa.selenium.remote.RemoteWebDriver.findElement(RemoteWebDriver.java:323)
at io.appium.java_client.DefaultGenericMobileDriver.findElement(DefaultGenericMobileDriver.java:61)
at io.appium.java_client.AppiumDriver.findElement(AppiumDriver.java:1)
at io.appium.java_client.android.AndroidDriver.findElement(AndroidDriver.java:1)
at org.openqa.selenium.remote.RemoteWebDriver.findElementByXPath(RemoteWebDriver.java:428)
at io.appium.java_client.DefaultGenericMobileDriver.findElementByXPath(DefaultGenericMobileDriver.java:151)
at io.appium.java_client.AppiumDriver.findElementByXPath(AppiumDriver.java:1)
at io.appium.java_client.android.AndroidDriver.findElementByXPath(AndroidDriver.java:1)
at org.openqa.selenium.By$ByXPath.findElement(By.java:353)
at org.openqa.selenium.remote.RemoteWebDriver.findElement(RemoteWebDriver.java:315)
at io.appium.java_client.DefaultGenericMobileDriver.findElement(DefaultGenericMobileDriver.java:57)
at io.appium.java_client.AppiumDriver.findElement(AppiumDriver.java:1)
at io.appium.java_client.android.AndroidDriver.findElement(AndroidDriver.java:1)
at Page.clickTabItem(Page.java:73)
at MallsPageTests.isFifthMallLocationCorrect(MallsPageTests.java:81)
at com.intellij.rt.testng.IDEARemoteTestNG.run(IDEARemoteTestNG.java:66)
at com.intellij.rt.testng.RemoteTestNGStarter.main(RemoteTestNGStarter.java:110)
... Removed 27 stack frames]]>
    </failure>
  </testcase> <!-- isFifthMallLocationCorrect -->
  <testcase classname="MallsPageTests" name="isFifthMallWorkingHoursCorrect" time="3.879"/>
  <testcase classname="MallsPageTests" name="isFirstMallLocationCorrect" time="8.292">
    <failure type="java.lang.AssertionError" message="expected [Exit 9] but found [Al Nakheel Mall]">
      <![CDATA[java.lang.AssertionError: expected [Exit 9] but found [Al Nakheel Mall]
at MallsPageTests.isFirstMallLocationCorrect(MallsPageTests.java:38)
at com.intellij.rt.testng.IDEARemoteTestNG.run(IDEARemoteTestNG.java:66)
at com.intellij.rt.testng.RemoteTestNGStarter.main(RemoteTestNGStarter.java:110)
... Removed 28 stack frames]]>
    </failure>
  </testcase> <!-- isFirstMallLocationCorrect -->
  <testcase classname="MallsPageTests" name="isFirstMallWorkingHoursCorrect" time="3.113"/>
  <testcase classname="MallsPageTests" name="isFourthMallLocationCorrect" time="6.018"/>
  <testcase classname="MallsPageTests" name="isFourthMallWorkingHoursCorrect" time="3.246"/>
  <testcase classname="MallsPageTests" name="isMallsTabDisplayed" time="2.718"/>
  <testcase classname="MallsPageTests" name="isSecondMallLocationCorrect" time="5.0"/>
  <testcase classname="MallsPageTests" name="isSecondMallWorkingHoursCorrect" time="3.932"/>
  <testcase classname="MallsPageTests" name="isSuccessfullyRedirectedToGoogleMaps" time="5.778"/>
  <testcase classname="MallsPageTests" name="isThirdMallLocationCorrect" time="5.489"/>
  <testcase classname="MallsPageTests" name="isThirdMallWorkingHoursCorrect" time="3.172"/>
  <testcase classname="MosquesPageTests" name="isFifthMosqueLocationCorrect" time="5.463"/>
  <testcase classname="MosquesPageTests" name="isFifthMosqueWorkingHoursCorrect" time="2.91"/>
  <testcase classname="MosquesPageTests" name="isFirstMosqueLocationCorrect" time="7.254"/>
  <testcase classname="MosquesPageTests" name="isFirstMosqueWorkingHoursCorrect" time="3.032"/>
  <testcase classname="MosquesPageTests" name="isFourthMosqueLocationCorrect" time="5.349">
    <failure type="java.lang.AssertionError" message="expected [takhasussi] but found [Princess Latifa Bint Sultan Bin Abdulaziz Grand Mosque]">
      <![CDATA[java.lang.AssertionError: expected [takhasussi] but found [Princess Latifa Bint Sultan Bin Abdulaziz Grand Mosque]
at MosquesPageTests.isFourthMosqueLocationCorrect(MosquesPageTests.java:67)
at com.intellij.rt.testng.IDEARemoteTestNG.run(IDEARemoteTestNG.java:66)
at com.intellij.rt.testng.RemoteTestNGStarter.main(RemoteTestNGStarter.java:110)
... Removed 28 stack frames]]>
    </failure>
  </testcase> <!-- isFourthMosqueLocationCorrect -->
  <testcase classname="MosquesPageTests" name="isFourthMosqueWorkingHoursCorrect" time="2.947"/>
  <testcase classname="MosquesPageTests" name="isMosqueTabDisplayed" time="2.517"/>
  <testcase classname="MosquesPageTests" name="isSecondMosqueLocationCorrect" time="5.321"/>
  <testcase classname="MosquesPageTests" name="isSecondMosqueWorkingHoursCorrect" time="2.877"/>
  <testcase classname="MosquesPageTests" name="isSuccessfullyRedirectedToGoogleMaps" time="5.657"/>
  <testcase classname="MosquesPageTests" name="isThirdMosqueLocationCorrect" time="5.814"/>
  <testcase classname="MosquesPageTests" name="isThirdMosqueWorkingHoursCorrect" time="3.032"/>
  <testcase classname="MuseumsPageTests" name="areAllImagesDisplayed" time="3.43"/>
  <testcase classname="MuseumsPageTests" name="isFifthMuseumLocationCorrect" time="5.725">
    <failure type="java.lang.AssertionError" message="expected [Al Safarat] but found [King Salman Science Oasis]">
      <![CDATA[java.lang.AssertionError: expected [Al Safarat] but found [King Salman Science Oasis]
at MuseumsPageTests.isFifthMuseumLocationCorrect(MuseumsPageTests.java:84)
at com.intellij.rt.testng.IDEARemoteTestNG.run(IDEARemoteTestNG.java:66)
at com.intellij.rt.testng.RemoteTestNGStarter.main(RemoteTestNGStarter.java:110)
... Removed 28 stack frames]]>
    </failure>
  </testcase> <!-- isFifthMuseumLocationCorrect -->
  <testcase classname="MuseumsPageTests" name="isFifthMuseumWorkingHoursCorrect" time="2.906"/>
  <testcase classname="MuseumsPageTests" name="isFirstMuseumLocationCorrect" time="7.021"/>
  <testcase classname="MuseumsPageTests" name="isFirstMuseumWorkingHoursCorrect" time="2.961"/>
  <testcase classname="MuseumsPageTests" name="isFourthMuseumLocationCorrect" time="5.056"/>
  <testcase classname="MuseumsPageTests" name="isFourthMuseumWorkingHoursCorrect" time="3.159"/>
  <testcase classname="MuseumsPageTests" name="isMuseumsTabDisplayed" time="2.271"/>
  <testcase classname="MuseumsPageTests" name="isSecondMuseumLocationCorrect" time="4.985">
    <failure type="java.lang.AssertionError" message="expected [Eastern Ring Branch Rd, King Abdullah Dt.] but found [Saqr Aljazeera Aviation Museum]">
      <![CDATA[java.lang.AssertionError: expected [Eastern Ring Branch Rd, King Abdullah Dt.] but found [Saqr Aljazeera Aviation Museum]
at MuseumsPageTests.isSecondMuseumLocationCorrect(MuseumsPageTests.java:47)
at com.intellij.rt.testng.IDEARemoteTestNG.run(IDEARemoteTestNG.java:66)
at com.intellij.rt.testng.RemoteTestNGStarter.main(RemoteTestNGStarter.java:110)
... Removed 28 stack frames]]>
    </failure>
  </testcase> <!-- isSecondMuseumLocationCorrect -->
  <testcase classname="MuseumsPageTests" name="isSecondMuseumWorkingHoursCorrect" time="2.888"/>
  <testcase classname="MuseumsPageTests" name="isSuccessfullyRedirectedToGoogleMaps" time="4.928"/>
  <testcase classname="MuseumsPageTests" name="isThirdMuseumLocationCorrect" time="8.044"/>
  <testcase classname="MuseumsPageTests" name="isThirdMuseumWorkingHoursCorrect" time="2.876"/>
</testsuite> <!-- Riyadh_Tour_Automation_TESTNG -->
