<?xml version="1.0" encoding="UTF-8"?>
<testng-results ignored="6" total="45" passed="39" failed="0" skipped="0">
  <reporter-output>
  </reporter-output>
  <suite started-at="2020-06-14T15:45:33Z" name="Default Suite" finished-at="2020-06-14T15:49:52Z" duration-ms="259451">
    <groups>
    </groups>
    <test started-at="2020-06-14T15:45:33Z" name="Riyadh_Tour_Automation_TESTNG" finished-at="2020-06-14T15:49:52Z" duration-ms="259451">
      <class name="TS02_Mosques">
        <test-method is-config="true" signature="setUp()[pri:0, instance:TS02_Mosques@3439f68d]" started-at="2020-06-14T15:46:55Z" name="setUp" finished-at="2020-06-14T15:46:58Z" duration-ms="3214" status="PASS">
          <reporter-output>
          </reporter-output>
        </test-method> <!-- setUp -->
        <test-method signature="isFifthMosqueLocationCorrect()[pri:0, instance:TS02_Mosques@3439f68d]" started-at="2020-06-14T15:46:58Z" name="isFifthMosqueLocationCorrect" finished-at="2020-06-14T15:47:05Z" duration-ms="7190" status="PASS">
          <reporter-output>
          </reporter-output>
        </test-method> <!-- isFifthMosqueLocationCorrect -->
        <test-method is-config="true" signature="updateReport(org.testng.ITestResult, java.lang.reflect.Method)[pri:0, instance:TS02_Mosques@3439f68d]" started-at="2020-06-14T15:47:05Z" name="updateReport" finished-at="2020-06-14T15:47:05Z" duration-ms="5" status="PASS">
          <params>
            <param index="0">
              <value>
                <![CDATA[[TestResult name=isFifthMosqueLocationCorrect status=SUCCESS method=TS02_Mosques.isFifthMosqueLocationCorrect()[pri:0, instance:TS02_Mosques@3439f68d] output={null}]]]>
              </value>
            </param>
            <param index="1">
              <value>
                <![CDATA[public void TS02_Mosques.isFifthMosqueLocationCorrect()]]>
              </value>
            </param>
          </params>
          <reporter-output>
          </reporter-output>
        </test-method> <!-- updateReport -->
        <test-method signature="isFifthMosqueWorkingHoursCorrect()[pri:0, instance:TS02_Mosques@3439f68d]" started-at="2020-06-14T15:47:05Z" name="isFifthMosqueWorkingHoursCorrect" finished-at="2020-06-14T15:47:08Z" duration-ms="2851" status="PASS">
          <reporter-output>
          </reporter-output>
        </test-method> <!-- isFifthMosqueWorkingHoursCorrect -->
        <test-method is-config="true" signature="updateReport(org.testng.ITestResult, java.lang.reflect.Method)[pri:0, instance:TS02_Mosques@3439f68d]" started-at="2020-06-14T15:47:08Z" name="updateReport" finished-at="2020-06-14T15:47:08Z" duration-ms="5" status="PASS">
          <params>
            <param index="0">
              <value>
                <![CDATA[[TestResult name=isFifthMosqueWorkingHoursCorrect status=SUCCESS method=TS02_Mosques.isFifthMosqueWorkingHoursCorrect()[pri:0, instance:TS02_Mosques@3439f68d] output={null}]]]>
              </value>
            </param>
            <param index="1">
              <value>
                <![CDATA[public void TS02_Mosques.isFifthMosqueWorkingHoursCorrect()]]>
              </value>
            </param>
          </params>
          <reporter-output>
          </reporter-output>
        </test-method> <!-- updateReport -->
        <test-method signature="isFirstMosqueLocationCorrect()[pri:0, instance:TS02_Mosques@3439f68d]" started-at="2020-06-14T15:47:08Z" name="isFirstMosqueLocationCorrect" finished-at="2020-06-14T15:47:14Z" duration-ms="6115" status="PASS">
          <reporter-output>
          </reporter-output>
        </test-method> <!-- isFirstMosqueLocationCorrect -->
        <test-method is-config="true" signature="updateReport(org.testng.ITestResult, java.lang.reflect.Method)[pri:0, instance:TS02_Mosques@3439f68d]" started-at="2020-06-14T15:47:14Z" name="updateReport" finished-at="2020-06-14T15:47:14Z" duration-ms="5" status="PASS">
          <params>
            <param index="0">
              <value>
                <![CDATA[[TestResult name=isFirstMosqueLocationCorrect status=SUCCESS method=TS02_Mosques.isFirstMosqueLocationCorrect()[pri:0, instance:TS02_Mosques@3439f68d] output={null}]]]>
              </value>
            </param>
            <param index="1">
              <value>
                <![CDATA[public void TS02_Mosques.isFirstMosqueLocationCorrect()]]>
              </value>
            </param>
          </params>
          <reporter-output>
          </reporter-output>
        </test-method> <!-- updateReport -->
        <test-method signature="isFirstMosqueWorkingHoursCorrect()[pri:0, instance:TS02_Mosques@3439f68d]" started-at="2020-06-14T15:47:14Z" name="isFirstMosqueWorkingHoursCorrect" finished-at="2020-06-14T15:47:17Z" duration-ms="2827" status="PASS">
          <reporter-output>
          </reporter-output>
        </test-method> <!-- isFirstMosqueWorkingHoursCorrect -->
        <test-method is-config="true" signature="updateReport(org.testng.ITestResult, java.lang.reflect.Method)[pri:0, instance:TS02_Mosques@3439f68d]" started-at="2020-06-14T15:47:17Z" name="updateReport" finished-at="2020-06-14T15:47:17Z" duration-ms="4" status="PASS">
          <params>
            <param index="0">
              <value>
                <![CDATA[[TestResult name=isFirstMosqueWorkingHoursCorrect status=SUCCESS method=TS02_Mosques.isFirstMosqueWorkingHoursCorrect()[pri:0, instance:TS02_Mosques@3439f68d] output={null}]]]>
              </value>
            </param>
            <param index="1">
              <value>
                <![CDATA[public void TS02_Mosques.isFirstMosqueWorkingHoursCorrect()]]>
              </value>
            </param>
          </params>
          <reporter-output>
          </reporter-output>
        </test-method> <!-- updateReport -->
        <test-method signature="isFourthMosqueLocationCorrect()[pri:0, instance:TS02_Mosques@3439f68d]" started-at="2020-06-14T15:47:17Z" name="isFourthMosqueLocationCorrect" finished-at="2020-06-14T15:47:23Z" duration-ms="5349" status="PASS">
          <reporter-output>
          </reporter-output>
        </test-method> <!-- isFourthMosqueLocationCorrect -->
        <test-method is-config="true" signature="updateReport(org.testng.ITestResult, java.lang.reflect.Method)[pri:0, instance:TS02_Mosques@3439f68d]" started-at="2020-06-14T15:47:23Z" name="updateReport" finished-at="2020-06-14T15:47:23Z" duration-ms="35" status="PASS">
          <params>
            <param index="0">
              <value>
                <![CDATA[[TestResult name=isFourthMosqueLocationCorrect status=SUCCESS method=TS02_Mosques.isFourthMosqueLocationCorrect()[pri:0, instance:TS02_Mosques@3439f68d] output={null}]]]>
              </value>
            </param>
            <param index="1">
              <value>
                <![CDATA[public void TS02_Mosques.isFourthMosqueLocationCorrect()]]>
              </value>
            </param>
          </params>
          <reporter-output>
          </reporter-output>
        </test-method> <!-- updateReport -->
        <test-method signature="isFourthMosqueWorkingHoursCorrect()[pri:0, instance:TS02_Mosques@3439f68d]" started-at="2020-06-14T15:47:23Z" name="isFourthMosqueWorkingHoursCorrect" finished-at="2020-06-14T15:47:26Z" duration-ms="3011" status="PASS">
          <reporter-output>
          </reporter-output>
        </test-method> <!-- isFourthMosqueWorkingHoursCorrect -->
        <test-method is-config="true" signature="updateReport(org.testng.ITestResult, java.lang.reflect.Method)[pri:0, instance:TS02_Mosques@3439f68d]" started-at="2020-06-14T15:47:26Z" name="updateReport" finished-at="2020-06-14T15:47:26Z" duration-ms="4" status="PASS">
          <params>
            <param index="0">
              <value>
                <![CDATA[[TestResult name=isFourthMosqueWorkingHoursCorrect status=SUCCESS method=TS02_Mosques.isFourthMosqueWorkingHoursCorrect()[pri:0, instance:TS02_Mosques@3439f68d] output={null}]]]>
              </value>
            </param>
            <param index="1">
              <value>
                <![CDATA[public void TS02_Mosques.isFourthMosqueWorkingHoursCorrect()]]>
              </value>
            </param>
          </params>
          <reporter-output>
          </reporter-output>
        </test-method> <!-- updateReport -->
        <test-method signature="isMosqueTabDisplayed()[pri:0, instance:TS02_Mosques@3439f68d]" started-at="2020-06-14T15:47:26Z" name="isMosqueTabDisplayed" finished-at="2020-06-14T15:47:28Z" duration-ms="2494" status="PASS">
          <reporter-output>
          </reporter-output>
        </test-method> <!-- isMosqueTabDisplayed -->
        <test-method is-config="true" signature="updateReport(org.testng.ITestResult, java.lang.reflect.Method)[pri:0, instance:TS02_Mosques@3439f68d]" started-at="2020-06-14T15:47:28Z" name="updateReport" finished-at="2020-06-14T15:47:28Z" duration-ms="4" status="PASS">
          <params>
            <param index="0">
              <value>
                <![CDATA[[TestResult name=isMosqueTabDisplayed status=SUCCESS method=TS02_Mosques.isMosqueTabDisplayed()[pri:0, instance:TS02_Mosques@3439f68d] output={null}]]]>
              </value>
            </param>
            <param index="1">
              <value>
                <![CDATA[public void TS02_Mosques.isMosqueTabDisplayed()]]>
              </value>
            </param>
          </params>
          <reporter-output>
          </reporter-output>
        </test-method> <!-- updateReport -->
        <test-method signature="isSecondMosqueLocationCorrect()[pri:0, instance:TS02_Mosques@3439f68d]" started-at="2020-06-14T15:47:28Z" name="isSecondMosqueLocationCorrect" finished-at="2020-06-14T15:47:35Z" duration-ms="6418" status="PASS">
          <reporter-output>
          </reporter-output>
        </test-method> <!-- isSecondMosqueLocationCorrect -->
        <test-method is-config="true" signature="updateReport(org.testng.ITestResult, java.lang.reflect.Method)[pri:0, instance:TS02_Mosques@3439f68d]" started-at="2020-06-14T15:47:35Z" name="updateReport" finished-at="2020-06-14T15:47:35Z" duration-ms="4" status="PASS">
          <params>
            <param index="0">
              <value>
                <![CDATA[[TestResult name=isSecondMosqueLocationCorrect status=SUCCESS method=TS02_Mosques.isSecondMosqueLocationCorrect()[pri:0, instance:TS02_Mosques@3439f68d] output={null}]]]>
              </value>
            </param>
            <param index="1">
              <value>
                <![CDATA[public void TS02_Mosques.isSecondMosqueLocationCorrect()]]>
              </value>
            </param>
          </params>
          <reporter-output>
          </reporter-output>
        </test-method> <!-- updateReport -->
        <test-method signature="isSecondMosqueWorkingHoursCorrect()[pri:0, instance:TS02_Mosques@3439f68d]" started-at="2020-06-14T15:47:35Z" name="isSecondMosqueWorkingHoursCorrect" finished-at="2020-06-14T15:47:37Z" duration-ms="2875" status="PASS">
          <reporter-output>
          </reporter-output>
        </test-method> <!-- isSecondMosqueWorkingHoursCorrect -->
        <test-method is-config="true" signature="updateReport(org.testng.ITestResult, java.lang.reflect.Method)[pri:0, instance:TS02_Mosques@3439f68d]" started-at="2020-06-14T15:47:37Z" name="updateReport" finished-at="2020-06-14T15:47:37Z" duration-ms="4" status="PASS">
          <params>
            <param index="0">
              <value>
                <![CDATA[[TestResult name=isSecondMosqueWorkingHoursCorrect status=SUCCESS method=TS02_Mosques.isSecondMosqueWorkingHoursCorrect()[pri:0, instance:TS02_Mosques@3439f68d] output={null}]]]>
              </value>
            </param>
            <param index="1">
              <value>
                <![CDATA[public void TS02_Mosques.isSecondMosqueWorkingHoursCorrect()]]>
              </value>
            </param>
          </params>
          <reporter-output>
          </reporter-output>
        </test-method> <!-- updateReport -->
        <test-method signature="isSuccessfullyRedirectedToGoogleMaps()[pri:0, instance:TS02_Mosques@3439f68d]" started-at="2020-06-14T15:47:37Z" name="isSuccessfullyRedirectedToGoogleMaps" finished-at="2020-06-14T15:48:06Z" duration-ms="28266" status="PASS">
          <reporter-output>
          </reporter-output>
        </test-method> <!-- isSuccessfullyRedirectedToGoogleMaps -->
        <test-method is-config="true" signature="updateReport(org.testng.ITestResult, java.lang.reflect.Method)[pri:0, instance:TS02_Mosques@3439f68d]" started-at="2020-06-14T15:48:06Z" name="updateReport" finished-at="2020-06-14T15:48:06Z" duration-ms="4" status="PASS">
          <params>
            <param index="0">
              <value>
                <![CDATA[[TestResult name=isSuccessfullyRedirectedToGoogleMaps status=SUCCESS method=TS02_Mosques.isSuccessfullyRedirectedToGoogleMaps()[pri:0, instance:TS02_Mosques@3439f68d] output={null}]]]>
              </value>
            </param>
            <param index="1">
              <value>
                <![CDATA[public void TS02_Mosques.isSuccessfullyRedirectedToGoogleMaps()]]>
              </value>
            </param>
          </params>
          <reporter-output>
          </reporter-output>
        </test-method> <!-- updateReport -->
        <test-method signature="isThirdMosqueLocationCorrect()[pri:0, instance:TS02_Mosques@3439f68d]" started-at="2020-06-14T15:48:06Z" name="isThirdMosqueLocationCorrect" finished-at="2020-06-14T15:48:11Z" duration-ms="5578" status="PASS">
          <reporter-output>
          </reporter-output>
        </test-method> <!-- isThirdMosqueLocationCorrect -->
        <test-method is-config="true" signature="updateReport(org.testng.ITestResult, java.lang.reflect.Method)[pri:0, instance:TS02_Mosques@3439f68d]" started-at="2020-06-14T15:48:11Z" name="updateReport" finished-at="2020-06-14T15:48:11Z" duration-ms="4" status="PASS">
          <params>
            <param index="0">
              <value>
                <![CDATA[[TestResult name=isThirdMosqueLocationCorrect status=SUCCESS method=TS02_Mosques.isThirdMosqueLocationCorrect()[pri:0, instance:TS02_Mosques@3439f68d] output={null}]]]>
              </value>
            </param>
            <param index="1">
              <value>
                <![CDATA[public void TS02_Mosques.isThirdMosqueLocationCorrect()]]>
              </value>
            </param>
          </params>
          <reporter-output>
          </reporter-output>
        </test-method> <!-- updateReport -->
        <test-method signature="isThirdMosqueWorkingHoursCorrect()[pri:0, instance:TS02_Mosques@3439f68d]" started-at="2020-06-14T15:48:11Z" name="isThirdMosqueWorkingHoursCorrect" finished-at="2020-06-14T15:48:14Z" duration-ms="2785" status="PASS">
          <reporter-output>
          </reporter-output>
        </test-method> <!-- isThirdMosqueWorkingHoursCorrect -->
        <test-method is-config="true" signature="updateReport(org.testng.ITestResult, java.lang.reflect.Method)[pri:0, instance:TS02_Mosques@3439f68d]" started-at="2020-06-14T15:48:14Z" name="updateReport" finished-at="2020-06-14T15:48:14Z" duration-ms="5" status="PASS">
          <params>
            <param index="0">
              <value>
                <![CDATA[[TestResult name=isThirdMosqueWorkingHoursCorrect status=SUCCESS method=TS02_Mosques.isThirdMosqueWorkingHoursCorrect()[pri:0, instance:TS02_Mosques@3439f68d] output={null}]]]>
              </value>
            </param>
            <param index="1">
              <value>
                <![CDATA[public void TS02_Mosques.isThirdMosqueWorkingHoursCorrect()]]>
              </value>
            </param>
          </params>
          <reporter-output>
          </reporter-output>
        </test-method> <!-- updateReport -->
        <test-method is-config="true" signature="tearDown()[pri:0, instance:TS02_Mosques@3439f68d]" started-at="2020-06-14T15:48:14Z" name="tearDown" finished-at="2020-06-14T15:48:14Z" duration-ms="90" status="PASS">
          <reporter-output>
          </reporter-output>
        </test-method> <!-- tearDown -->
      </class> <!-- TS02_Mosques -->
      <class name="TS03_Malls">
        <test-method is-config="true" signature="setUp()[pri:0, instance:TS03_Malls@dbd940d]" started-at="2020-06-14T15:48:14Z" name="setUp" finished-at="2020-06-14T15:48:17Z" duration-ms="3260" status="PASS">
          <reporter-output>
          </reporter-output>
        </test-method> <!-- setUp -->
        <test-method signature="areAllImagesDisplayed()[pri:0, instance:TS03_Malls@dbd940d]" started-at="2020-06-14T15:48:17Z" name="areAllImagesDisplayed" finished-at="2020-06-14T15:48:21Z" duration-ms="3109" status="PASS">
          <reporter-output>
          </reporter-output>
        </test-method> <!-- areAllImagesDisplayed -->
        <test-method is-config="true" signature="updateReport(org.testng.ITestResult, java.lang.reflect.Method)[pri:0, instance:TS03_Malls@dbd940d]" started-at="2020-06-14T15:48:21Z" name="updateReport" finished-at="2020-06-14T15:48:21Z" duration-ms="191" status="PASS">
          <params>
            <param index="0">
              <value>
                <![CDATA[[TestResult name=areAllImagesDisplayed status=SUCCESS method=TS03_Malls.areAllImagesDisplayed()[pri:0, instance:TS03_Malls@dbd940d] output={null}]]]>
              </value>
            </param>
            <param index="1">
              <value>
                <![CDATA[public void TS03_Malls.areAllImagesDisplayed()]]>
              </value>
            </param>
          </params>
          <reporter-output>
          </reporter-output>
        </test-method> <!-- updateReport -->
        <test-method signature="isFifthMallLocationCorrect()[pri:0, instance:TS03_Malls@dbd940d]" started-at="2020-06-14T15:48:21Z" name="isFifthMallLocationCorrect" finished-at="2020-06-14T15:48:26Z" duration-ms="5549" status="PASS">
          <reporter-output>
          </reporter-output>
        </test-method> <!-- isFifthMallLocationCorrect -->
        <test-method is-config="true" signature="updateReport(org.testng.ITestResult, java.lang.reflect.Method)[pri:0, instance:TS03_Malls@dbd940d]" started-at="2020-06-14T15:48:26Z" name="updateReport" finished-at="2020-06-14T15:48:26Z" duration-ms="4" status="PASS">
          <params>
            <param index="0">
              <value>
                <![CDATA[[TestResult name=isFifthMallLocationCorrect status=SUCCESS method=TS03_Malls.isFifthMallLocationCorrect()[pri:0, instance:TS03_Malls@dbd940d] output={null}]]]>
              </value>
            </param>
            <param index="1">
              <value>
                <![CDATA[public void TS03_Malls.isFifthMallLocationCorrect()]]>
              </value>
            </param>
          </params>
          <reporter-output>
          </reporter-output>
        </test-method> <!-- updateReport -->
        <test-method signature="isFifthMallWorkingHoursCorrect()[pri:0, instance:TS03_Malls@dbd940d]" started-at="2020-06-14T15:48:26Z" name="isFifthMallWorkingHoursCorrect" finished-at="2020-06-14T15:48:30Z" duration-ms="3301" status="PASS">
          <reporter-output>
          </reporter-output>
        </test-method> <!-- isFifthMallWorkingHoursCorrect -->
        <test-method is-config="true" signature="updateReport(org.testng.ITestResult, java.lang.reflect.Method)[pri:0, instance:TS03_Malls@dbd940d]" started-at="2020-06-14T15:48:30Z" name="updateReport" finished-at="2020-06-14T15:48:30Z" duration-ms="4" status="PASS">
          <params>
            <param index="0">
              <value>
                <![CDATA[[TestResult name=isFifthMallWorkingHoursCorrect status=SUCCESS method=TS03_Malls.isFifthMallWorkingHoursCorrect()[pri:0, instance:TS03_Malls@dbd940d] output={null}]]]>
              </value>
            </param>
            <param index="1">
              <value>
                <![CDATA[public void TS03_Malls.isFifthMallWorkingHoursCorrect()]]>
              </value>
            </param>
          </params>
          <reporter-output>
          </reporter-output>
        </test-method> <!-- updateReport -->
        <test-method signature="isFirstMallLocationCorrect()[pri:0, instance:TS03_Malls@dbd940d]" started-at="2020-06-14T15:48:30Z" name="isFirstMallLocationCorrect" finished-at="2020-06-14T15:48:37Z" duration-ms="6892" status="PASS">
          <reporter-output>
          </reporter-output>
        </test-method> <!-- isFirstMallLocationCorrect -->
        <test-method is-config="true" signature="updateReport(org.testng.ITestResult, java.lang.reflect.Method)[pri:0, instance:TS03_Malls@dbd940d]" started-at="2020-06-14T15:48:37Z" name="updateReport" finished-at="2020-06-14T15:48:37Z" duration-ms="4" status="PASS">
          <params>
            <param index="0">
              <value>
                <![CDATA[[TestResult name=isFirstMallLocationCorrect status=SUCCESS method=TS03_Malls.isFirstMallLocationCorrect()[pri:0, instance:TS03_Malls@dbd940d] output={null}]]]>
              </value>
            </param>
            <param index="1">
              <value>
                <![CDATA[public void TS03_Malls.isFirstMallLocationCorrect()]]>
              </value>
            </param>
          </params>
          <reporter-output>
          </reporter-output>
        </test-method> <!-- updateReport -->
        <test-method signature="isFirstMallWorkingHoursCorrect()[pri:0, instance:TS03_Malls@dbd940d]" started-at="2020-06-14T15:48:37Z" name="isFirstMallWorkingHoursCorrect" finished-at="2020-06-14T15:48:39Z" duration-ms="2958" status="PASS">
          <reporter-output>
          </reporter-output>
        </test-method> <!-- isFirstMallWorkingHoursCorrect -->
        <test-method is-config="true" signature="updateReport(org.testng.ITestResult, java.lang.reflect.Method)[pri:0, instance:TS03_Malls@dbd940d]" started-at="2020-06-14T15:48:39Z" name="updateReport" finished-at="2020-06-14T15:48:40Z" duration-ms="32" status="PASS">
          <params>
            <param index="0">
              <value>
                <![CDATA[[TestResult name=isFirstMallWorkingHoursCorrect status=SUCCESS method=TS03_Malls.isFirstMallWorkingHoursCorrect()[pri:0, instance:TS03_Malls@dbd940d] output={null}]]]>
              </value>
            </param>
            <param index="1">
              <value>
                <![CDATA[public void TS03_Malls.isFirstMallWorkingHoursCorrect()]]>
              </value>
            </param>
          </params>
          <reporter-output>
          </reporter-output>
        </test-method> <!-- updateReport -->
        <test-method signature="isFourthMallLocationCorrect()[pri:0, instance:TS03_Malls@dbd940d]" started-at="2020-06-14T15:48:40Z" name="isFourthMallLocationCorrect" finished-at="2020-06-14T15:48:46Z" duration-ms="6154" status="PASS">
          <reporter-output>
          </reporter-output>
        </test-method> <!-- isFourthMallLocationCorrect -->
        <test-method is-config="true" signature="updateReport(org.testng.ITestResult, java.lang.reflect.Method)[pri:0, instance:TS03_Malls@dbd940d]" started-at="2020-06-14T15:48:46Z" name="updateReport" finished-at="2020-06-14T15:48:46Z" duration-ms="3" status="PASS">
          <params>
            <param index="0">
              <value>
                <![CDATA[[TestResult name=isFourthMallLocationCorrect status=SUCCESS method=TS03_Malls.isFourthMallLocationCorrect()[pri:0, instance:TS03_Malls@dbd940d] output={null}]]]>
              </value>
            </param>
            <param index="1">
              <value>
                <![CDATA[public void TS03_Malls.isFourthMallLocationCorrect()]]>
              </value>
            </param>
          </params>
          <reporter-output>
          </reporter-output>
        </test-method> <!-- updateReport -->
        <test-method signature="isFourthMallWorkingHoursCorrect()[pri:0, instance:TS03_Malls@dbd940d]" started-at="2020-06-14T15:48:46Z" name="isFourthMallWorkingHoursCorrect" finished-at="2020-06-14T15:48:49Z" duration-ms="2999" status="PASS">
          <reporter-output>
          </reporter-output>
        </test-method> <!-- isFourthMallWorkingHoursCorrect -->
        <test-method is-config="true" signature="updateReport(org.testng.ITestResult, java.lang.reflect.Method)[pri:0, instance:TS03_Malls@dbd940d]" started-at="2020-06-14T15:48:49Z" name="updateReport" finished-at="2020-06-14T15:48:49Z" duration-ms="4" status="PASS">
          <params>
            <param index="0">
              <value>
                <![CDATA[[TestResult name=isFourthMallWorkingHoursCorrect status=SUCCESS method=TS03_Malls.isFourthMallWorkingHoursCorrect()[pri:0, instance:TS03_Malls@dbd940d] output={null}]]]>
              </value>
            </param>
            <param index="1">
              <value>
                <![CDATA[public void TS03_Malls.isFourthMallWorkingHoursCorrect()]]>
              </value>
            </param>
          </params>
          <reporter-output>
          </reporter-output>
        </test-method> <!-- updateReport -->
        <test-method signature="isMallsTabDisplayed()[pri:0, instance:TS03_Malls@dbd940d]" started-at="2020-06-14T15:48:49Z" name="isMallsTabDisplayed" finished-at="2020-06-14T15:48:51Z" duration-ms="2596" status="PASS">
          <reporter-output>
          </reporter-output>
        </test-method> <!-- isMallsTabDisplayed -->
        <test-method is-config="true" signature="updateReport(org.testng.ITestResult, java.lang.reflect.Method)[pri:0, instance:TS03_Malls@dbd940d]" started-at="2020-06-14T15:48:51Z" name="updateReport" finished-at="2020-06-14T15:48:51Z" duration-ms="4" status="PASS">
          <params>
            <param index="0">
              <value>
                <![CDATA[[TestResult name=isMallsTabDisplayed status=SUCCESS method=TS03_Malls.isMallsTabDisplayed()[pri:0, instance:TS03_Malls@dbd940d] output={null}]]]>
              </value>
            </param>
            <param index="1">
              <value>
                <![CDATA[public void TS03_Malls.isMallsTabDisplayed()]]>
              </value>
            </param>
          </params>
          <reporter-output>
          </reporter-output>
        </test-method> <!-- updateReport -->
        <test-method signature="isSecondMallLocationCorrect()[pri:0, instance:TS03_Malls@dbd940d]" started-at="2020-06-14T15:48:51Z" name="isSecondMallLocationCorrect" finished-at="2020-06-14T15:48:57Z" duration-ms="5567" status="PASS">
          <reporter-output>
          </reporter-output>
        </test-method> <!-- isSecondMallLocationCorrect -->
        <test-method is-config="true" signature="updateReport(org.testng.ITestResult, java.lang.reflect.Method)[pri:0, instance:TS03_Malls@dbd940d]" started-at="2020-06-14T15:48:57Z" name="updateReport" finished-at="2020-06-14T15:48:57Z" duration-ms="4" status="PASS">
          <params>
            <param index="0">
              <value>
                <![CDATA[[TestResult name=isSecondMallLocationCorrect status=SUCCESS method=TS03_Malls.isSecondMallLocationCorrect()[pri:0, instance:TS03_Malls@dbd940d] output={null}]]]>
              </value>
            </param>
            <param index="1">
              <value>
                <![CDATA[public void TS03_Malls.isSecondMallLocationCorrect()]]>
              </value>
            </param>
          </params>
          <reporter-output>
          </reporter-output>
        </test-method> <!-- updateReport -->
        <test-method signature="isSecondMallWorkingHoursCorrect()[pri:0, instance:TS03_Malls@dbd940d]" started-at="2020-06-14T15:48:57Z" name="isSecondMallWorkingHoursCorrect" finished-at="2020-06-14T15:49:06Z" duration-ms="8673" status="PASS">
          <reporter-output>
          </reporter-output>
        </test-method> <!-- isSecondMallWorkingHoursCorrect -->
        <test-method is-config="true" signature="updateReport(org.testng.ITestResult, java.lang.reflect.Method)[pri:0, instance:TS03_Malls@dbd940d]" started-at="2020-06-14T15:49:06Z" name="updateReport" finished-at="2020-06-14T15:49:06Z" duration-ms="3" status="PASS">
          <params>
            <param index="0">
              <value>
                <![CDATA[[TestResult name=isSecondMallWorkingHoursCorrect status=SUCCESS method=TS03_Malls.isSecondMallWorkingHoursCorrect()[pri:0, instance:TS03_Malls@dbd940d] output={null}]]]>
              </value>
            </param>
            <param index="1">
              <value>
                <![CDATA[public void TS03_Malls.isSecondMallWorkingHoursCorrect()]]>
              </value>
            </param>
          </params>
          <reporter-output>
          </reporter-output>
        </test-method> <!-- updateReport -->
        <test-method signature="isSuccessfullyRedirectedToGoogleMaps()[pri:0, instance:TS03_Malls@dbd940d]" started-at="2020-06-14T15:49:06Z" name="isSuccessfullyRedirectedToGoogleMaps" finished-at="2020-06-14T15:49:37Z" duration-ms="31369" status="PASS">
          <reporter-output>
          </reporter-output>
        </test-method> <!-- isSuccessfullyRedirectedToGoogleMaps -->
        <test-method is-config="true" signature="updateReport(org.testng.ITestResult, java.lang.reflect.Method)[pri:0, instance:TS03_Malls@dbd940d]" started-at="2020-06-14T15:49:37Z" name="updateReport" finished-at="2020-06-14T15:49:37Z" duration-ms="4" status="PASS">
          <params>
            <param index="0">
              <value>
                <![CDATA[[TestResult name=isSuccessfullyRedirectedToGoogleMaps status=SUCCESS method=TS03_Malls.isSuccessfullyRedirectedToGoogleMaps()[pri:0, instance:TS03_Malls@dbd940d] output={null}]]]>
              </value>
            </param>
            <param index="1">
              <value>
                <![CDATA[public void TS03_Malls.isSuccessfullyRedirectedToGoogleMaps()]]>
              </value>
            </param>
          </params>
          <reporter-output>
          </reporter-output>
        </test-method> <!-- updateReport -->
        <test-method signature="isThirdMallLocationCorrect()[pri:0, instance:TS03_Malls@dbd940d]" started-at="2020-06-14T15:49:37Z" name="isThirdMallLocationCorrect" finished-at="2020-06-14T15:49:44Z" duration-ms="6673" status="PASS">
          <reporter-output>
          </reporter-output>
        </test-method> <!-- isThirdMallLocationCorrect -->
        <test-method is-config="true" signature="updateReport(org.testng.ITestResult, java.lang.reflect.Method)[pri:0, instance:TS03_Malls@dbd940d]" started-at="2020-06-14T15:49:44Z" name="updateReport" finished-at="2020-06-14T15:49:44Z" duration-ms="3" status="PASS">
          <params>
            <param index="0">
              <value>
                <![CDATA[[TestResult name=isThirdMallLocationCorrect status=SUCCESS method=TS03_Malls.isThirdMallLocationCorrect()[pri:0, instance:TS03_Malls@dbd940d] output={null}]]]>
              </value>
            </param>
            <param index="1">
              <value>
                <![CDATA[public void TS03_Malls.isThirdMallLocationCorrect()]]>
              </value>
            </param>
          </params>
          <reporter-output>
          </reporter-output>
        </test-method> <!-- updateReport -->
        <test-method signature="isThirdMallWorkingHoursCorrect()[pri:0, instance:TS03_Malls@dbd940d]" started-at="2020-06-14T15:49:44Z" name="isThirdMallWorkingHoursCorrect" finished-at="2020-06-14T15:49:52Z" duration-ms="8198" status="PASS">
          <reporter-output>
          </reporter-output>
        </test-method> <!-- isThirdMallWorkingHoursCorrect -->
        <test-method is-config="true" signature="updateReport(org.testng.ITestResult, java.lang.reflect.Method)[pri:0, instance:TS03_Malls@dbd940d]" started-at="2020-06-14T15:49:52Z" name="updateReport" finished-at="2020-06-14T15:49:52Z" duration-ms="4" status="PASS">
          <params>
            <param index="0">
              <value>
                <![CDATA[[TestResult name=isThirdMallWorkingHoursCorrect status=SUCCESS method=TS03_Malls.isThirdMallWorkingHoursCorrect()[pri:0, instance:TS03_Malls@dbd940d] output={null}]]]>
              </value>
            </param>
            <param index="1">
              <value>
                <![CDATA[public void TS03_Malls.isThirdMallWorkingHoursCorrect()]]>
              </value>
            </param>
          </params>
          <reporter-output>
          </reporter-output>
        </test-method> <!-- updateReport -->
        <test-method is-config="true" signature="tearDown()[pri:0, instance:TS03_Malls@dbd940d]" started-at="2020-06-14T15:49:52Z" name="tearDown" finished-at="2020-06-14T15:49:52Z" duration-ms="126" status="PASS">
          <reporter-output>
          </reporter-output>
        </test-method> <!-- tearDown -->
      </class> <!-- TS03_Malls -->
      <class name="Page">
        <test-method is-config="true" signature="configureExtent()[pri:0, instance:Page@60438a68]" started-at="2020-06-14T15:45:33Z" name="configureExtent" finished-at="2020-06-14T15:45:33Z" duration-ms="130" status="PASS">
          <reporter-output>
          </reporter-output>
        </test-method> <!-- configureExtent -->
        <test-method is-config="true" signature="endReport()[pri:0, instance:Page@60438a68]" started-at="2020-06-14T15:49:52Z" name="endReport" finished-at="2020-06-14T15:49:52Z" duration-ms="269" status="PASS">
          <reporter-output>
          </reporter-output>
        </test-method> <!-- endReport -->
      </class> <!-- Page -->
      <class name="TS01_Museums">
        <test-method is-config="true" signature="setUp()[pri:0, instance:TS01_Museums@140e5a13]" started-at="2020-06-14T15:45:33Z" name="setUp" finished-at="2020-06-14T15:45:37Z" duration-ms="3691" status="PASS">
          <reporter-output>
          </reporter-output>
        </test-method> <!-- setUp -->
        <test-method signature="applicationIsOpen()[pri:0, instance:TS01_Museums@140e5a13]" started-at="2020-06-14T15:45:37Z" name="applicationIsOpen" finished-at="2020-06-14T15:45:38Z" duration-ms="1767" status="PASS">
          <reporter-output>
          </reporter-output>
        </test-method> <!-- applicationIsOpen -->
        <test-method is-config="true" signature="updateReport(org.testng.ITestResult, java.lang.reflect.Method)[pri:0, instance:TS01_Museums@140e5a13]" started-at="2020-06-14T15:45:38Z" name="updateReport" finished-at="2020-06-14T15:45:38Z" duration-ms="9" status="PASS">
          <params>
            <param index="0">
              <value>
                <![CDATA[[TestResult name=applicationIsOpen status=SUCCESS method=TS01_Museums.applicationIsOpen()[pri:0, instance:TS01_Museums@140e5a13] output={null}]]]>
              </value>
            </param>
            <param index="1">
              <value>
                <![CDATA[public void TS01_Museums.applicationIsOpen()]]>
              </value>
            </param>
          </params>
          <reporter-output>
          </reporter-output>
        </test-method> <!-- updateReport -->
        <test-method signature="areAllImagesDisplayed()[pri:0, instance:TS01_Museums@140e5a13]" started-at="2020-06-14T15:45:38Z" name="areAllImagesDisplayed" finished-at="2020-06-14T15:45:42Z" duration-ms="3297" status="PASS">
          <reporter-output>
          </reporter-output>
        </test-method> <!-- areAllImagesDisplayed -->
        <test-method is-config="true" signature="updateReport(org.testng.ITestResult, java.lang.reflect.Method)[pri:0, instance:TS01_Museums@140e5a13]" started-at="2020-06-14T15:45:42Z" name="updateReport" finished-at="2020-06-14T15:45:42Z" duration-ms="5" status="PASS">
          <params>
            <param index="0">
              <value>
                <![CDATA[[TestResult name=areAllImagesDisplayed status=SUCCESS method=TS01_Museums.areAllImagesDisplayed()[pri:0, instance:TS01_Museums@140e5a13] output={null}]]]>
              </value>
            </param>
            <param index="1">
              <value>
                <![CDATA[public void TS01_Museums.areAllImagesDisplayed()]]>
              </value>
            </param>
          </params>
          <reporter-output>
          </reporter-output>
        </test-method> <!-- updateReport -->
        <test-method signature="isFifthMuseumLocationCorrect()[pri:0, instance:TS01_Museums@140e5a13]" started-at="2020-06-14T15:45:42Z" name="isFifthMuseumLocationCorrect" finished-at="2020-06-14T15:45:47Z" duration-ms="5261" status="PASS">
          <reporter-output>
          </reporter-output>
        </test-method> <!-- isFifthMuseumLocationCorrect -->
        <test-method is-config="true" signature="updateReport(org.testng.ITestResult, java.lang.reflect.Method)[pri:0, instance:TS01_Museums@140e5a13]" started-at="2020-06-14T15:45:47Z" name="updateReport" finished-at="2020-06-14T15:45:47Z" duration-ms="6" status="PASS">
          <params>
            <param index="0">
              <value>
                <![CDATA[[TestResult name=isFifthMuseumLocationCorrect status=SUCCESS method=TS01_Museums.isFifthMuseumLocationCorrect()[pri:0, instance:TS01_Museums@140e5a13] output={null}]]]>
              </value>
            </param>
            <param index="1">
              <value>
                <![CDATA[public void TS01_Museums.isFifthMuseumLocationCorrect()]]>
              </value>
            </param>
          </params>
          <reporter-output>
          </reporter-output>
        </test-method> <!-- updateReport -->
        <test-method signature="isFifthMuseumWorkingHoursCorrect()[pri:0, instance:TS01_Museums@140e5a13]" started-at="2020-06-14T15:45:47Z" name="isFifthMuseumWorkingHoursCorrect" finished-at="2020-06-14T15:45:50Z" duration-ms="2694" status="PASS">
          <reporter-output>
          </reporter-output>
        </test-method> <!-- isFifthMuseumWorkingHoursCorrect -->
        <test-method is-config="true" signature="updateReport(org.testng.ITestResult, java.lang.reflect.Method)[pri:0, instance:TS01_Museums@140e5a13]" started-at="2020-06-14T15:45:50Z" name="updateReport" finished-at="2020-06-14T15:45:50Z" duration-ms="4" status="PASS">
          <params>
            <param index="0">
              <value>
                <![CDATA[[TestResult name=isFifthMuseumWorkingHoursCorrect status=SUCCESS method=TS01_Museums.isFifthMuseumWorkingHoursCorrect()[pri:0, instance:TS01_Museums@140e5a13] output={null}]]]>
              </value>
            </param>
            <param index="1">
              <value>
                <![CDATA[public void TS01_Museums.isFifthMuseumWorkingHoursCorrect()]]>
              </value>
            </param>
          </params>
          <reporter-output>
          </reporter-output>
        </test-method> <!-- updateReport -->
        <test-method signature="isFirstMuseumLocationCorrect()[pri:0, instance:TS01_Museums@140e5a13]" started-at="2020-06-14T15:45:50Z" name="isFirstMuseumLocationCorrect" finished-at="2020-06-14T15:45:55Z" duration-ms="5352" status="PASS">
          <reporter-output>
          </reporter-output>
        </test-method> <!-- isFirstMuseumLocationCorrect -->
        <test-method is-config="true" signature="updateReport(org.testng.ITestResult, java.lang.reflect.Method)[pri:0, instance:TS01_Museums@140e5a13]" started-at="2020-06-14T15:45:55Z" name="updateReport" finished-at="2020-06-14T15:45:55Z" duration-ms="14" status="PASS">
          <params>
            <param index="0">
              <value>
                <![CDATA[[TestResult name=isFirstMuseumLocationCorrect status=SUCCESS method=TS01_Museums.isFirstMuseumLocationCorrect()[pri:0, instance:TS01_Museums@140e5a13] output={null}]]]>
              </value>
            </param>
            <param index="1">
              <value>
                <![CDATA[public void TS01_Museums.isFirstMuseumLocationCorrect()]]>
              </value>
            </param>
          </params>
          <reporter-output>
          </reporter-output>
        </test-method> <!-- updateReport -->
        <test-method signature="isFirstMuseumWorkingHoursCorrect()[pri:0, instance:TS01_Museums@140e5a13]" started-at="2020-06-14T15:45:55Z" name="isFirstMuseumWorkingHoursCorrect" finished-at="2020-06-14T15:45:58Z" duration-ms="3147" status="PASS">
          <reporter-output>
          </reporter-output>
        </test-method> <!-- isFirstMuseumWorkingHoursCorrect -->
        <test-method is-config="true" signature="updateReport(org.testng.ITestResult, java.lang.reflect.Method)[pri:0, instance:TS01_Museums@140e5a13]" started-at="2020-06-14T15:45:58Z" name="updateReport" finished-at="2020-06-14T15:45:58Z" duration-ms="7" status="PASS">
          <params>
            <param index="0">
              <value>
                <![CDATA[[TestResult name=isFirstMuseumWorkingHoursCorrect status=SUCCESS method=TS01_Museums.isFirstMuseumWorkingHoursCorrect()[pri:0, instance:TS01_Museums@140e5a13] output={null}]]]>
              </value>
            </param>
            <param index="1">
              <value>
                <![CDATA[public void TS01_Museums.isFirstMuseumWorkingHoursCorrect()]]>
              </value>
            </param>
          </params>
          <reporter-output>
          </reporter-output>
        </test-method> <!-- updateReport -->
        <test-method signature="isFourthMuseumLocationCorrect()[pri:0, instance:TS01_Museums@140e5a13]" started-at="2020-06-14T15:45:58Z" name="isFourthMuseumLocationCorrect" finished-at="2020-06-14T15:46:05Z" duration-ms="6503" status="PASS">
          <reporter-output>
          </reporter-output>
        </test-method> <!-- isFourthMuseumLocationCorrect -->
        <test-method is-config="true" signature="updateReport(org.testng.ITestResult, java.lang.reflect.Method)[pri:0, instance:TS01_Museums@140e5a13]" started-at="2020-06-14T15:46:05Z" name="updateReport" finished-at="2020-06-14T15:46:05Z" duration-ms="4" status="PASS">
          <params>
            <param index="0">
              <value>
                <![CDATA[[TestResult name=isFourthMuseumLocationCorrect status=SUCCESS method=TS01_Museums.isFourthMuseumLocationCorrect()[pri:0, instance:TS01_Museums@140e5a13] output={null}]]]>
              </value>
            </param>
            <param index="1">
              <value>
                <![CDATA[public void TS01_Museums.isFourthMuseumLocationCorrect()]]>
              </value>
            </param>
          </params>
          <reporter-output>
          </reporter-output>
        </test-method> <!-- updateReport -->
        <test-method signature="isFourthMuseumWorkingHoursCorrect()[pri:0, instance:TS01_Museums@140e5a13]" started-at="2020-06-14T15:46:05Z" name="isFourthMuseumWorkingHoursCorrect" finished-at="2020-06-14T15:46:07Z" duration-ms="2719" status="PASS">
          <reporter-output>
          </reporter-output>
        </test-method> <!-- isFourthMuseumWorkingHoursCorrect -->
        <test-method is-config="true" signature="updateReport(org.testng.ITestResult, java.lang.reflect.Method)[pri:0, instance:TS01_Museums@140e5a13]" started-at="2020-06-14T15:46:07Z" name="updateReport" finished-at="2020-06-14T15:46:07Z" duration-ms="4" status="PASS">
          <params>
            <param index="0">
              <value>
                <![CDATA[[TestResult name=isFourthMuseumWorkingHoursCorrect status=SUCCESS method=TS01_Museums.isFourthMuseumWorkingHoursCorrect()[pri:0, instance:TS01_Museums@140e5a13] output={null}]]]>
              </value>
            </param>
            <param index="1">
              <value>
                <![CDATA[public void TS01_Museums.isFourthMuseumWorkingHoursCorrect()]]>
              </value>
            </param>
          </params>
          <reporter-output>
          </reporter-output>
        </test-method> <!-- updateReport -->
        <test-method signature="isMuseumsTabDisplayed()[pri:0, instance:TS01_Museums@140e5a13]" started-at="2020-06-14T15:46:07Z" name="isMuseumsTabDisplayed" finished-at="2020-06-14T15:46:10Z" duration-ms="2293" status="PASS">
          <reporter-output>
          </reporter-output>
        </test-method> <!-- isMuseumsTabDisplayed -->
        <test-method is-config="true" signature="updateReport(org.testng.ITestResult, java.lang.reflect.Method)[pri:0, instance:TS01_Museums@140e5a13]" started-at="2020-06-14T15:46:10Z" name="updateReport" finished-at="2020-06-14T15:46:10Z" duration-ms="5" status="PASS">
          <params>
            <param index="0">
              <value>
                <![CDATA[[TestResult name=isMuseumsTabDisplayed status=SUCCESS method=TS01_Museums.isMuseumsTabDisplayed()[pri:0, instance:TS01_Museums@140e5a13] output={null}]]]>
              </value>
            </param>
            <param index="1">
              <value>
                <![CDATA[public void TS01_Museums.isMuseumsTabDisplayed()]]>
              </value>
            </param>
          </params>
          <reporter-output>
          </reporter-output>
        </test-method> <!-- updateReport -->
        <test-method signature="isSecondMuseumLocationCorrect()[pri:0, instance:TS01_Museums@140e5a13]" started-at="2020-06-14T15:46:10Z" name="isSecondMuseumLocationCorrect" finished-at="2020-06-14T15:46:15Z" duration-ms="5315" status="PASS">
          <reporter-output>
          </reporter-output>
        </test-method> <!-- isSecondMuseumLocationCorrect -->
        <test-method is-config="true" signature="updateReport(org.testng.ITestResult, java.lang.reflect.Method)[pri:0, instance:TS01_Museums@140e5a13]" started-at="2020-06-14T15:46:15Z" name="updateReport" finished-at="2020-06-14T15:46:15Z" duration-ms="4" status="PASS">
          <params>
            <param index="0">
              <value>
                <![CDATA[[TestResult name=isSecondMuseumLocationCorrect status=SUCCESS method=TS01_Museums.isSecondMuseumLocationCorrect()[pri:0, instance:TS01_Museums@140e5a13] output={null}]]]>
              </value>
            </param>
            <param index="1">
              <value>
                <![CDATA[public void TS01_Museums.isSecondMuseumLocationCorrect()]]>
              </value>
            </param>
          </params>
          <reporter-output>
          </reporter-output>
        </test-method> <!-- updateReport -->
        <test-method signature="isSecondMuseumWorkingHoursCorrect()[pri:0, instance:TS01_Museums@140e5a13]" started-at="2020-06-14T15:46:15Z" name="isSecondMuseumWorkingHoursCorrect" finished-at="2020-06-14T15:46:18Z" duration-ms="2728" status="PASS">
          <reporter-output>
          </reporter-output>
        </test-method> <!-- isSecondMuseumWorkingHoursCorrect -->
        <test-method is-config="true" signature="updateReport(org.testng.ITestResult, java.lang.reflect.Method)[pri:0, instance:TS01_Museums@140e5a13]" started-at="2020-06-14T15:46:18Z" name="updateReport" finished-at="2020-06-14T15:46:18Z" duration-ms="4" status="PASS">
          <params>
            <param index="0">
              <value>
                <![CDATA[[TestResult name=isSecondMuseumWorkingHoursCorrect status=SUCCESS method=TS01_Museums.isSecondMuseumWorkingHoursCorrect()[pri:0, instance:TS01_Museums@140e5a13] output={null}]]]>
              </value>
            </param>
            <param index="1">
              <value>
                <![CDATA[public void TS01_Museums.isSecondMuseumWorkingHoursCorrect()]]>
              </value>
            </param>
          </params>
          <reporter-output>
          </reporter-output>
        </test-method> <!-- updateReport -->
        <test-method signature="isSuccessfullyRedirectedToGoogleMaps()[pri:0, instance:TS01_Museums@140e5a13]" started-at="2020-06-14T15:46:18Z" name="isSuccessfullyRedirectedToGoogleMaps" finished-at="2020-06-14T15:46:46Z" duration-ms="28689" status="PASS">
          <reporter-output>
          </reporter-output>
        </test-method> <!-- isSuccessfullyRedirectedToGoogleMaps -->
        <test-method is-config="true" signature="updateReport(org.testng.ITestResult, java.lang.reflect.Method)[pri:0, instance:TS01_Museums@140e5a13]" started-at="2020-06-14T15:46:46Z" name="updateReport" finished-at="2020-06-14T15:46:46Z" duration-ms="4" status="PASS">
          <params>
            <param index="0">
              <value>
                <![CDATA[[TestResult name=isSuccessfullyRedirectedToGoogleMaps status=SUCCESS method=TS01_Museums.isSuccessfullyRedirectedToGoogleMaps()[pri:0, instance:TS01_Museums@140e5a13] output={null}]]]>
              </value>
            </param>
            <param index="1">
              <value>
                <![CDATA[public void TS01_Museums.isSuccessfullyRedirectedToGoogleMaps()]]>
              </value>
            </param>
          </params>
          <reporter-output>
          </reporter-output>
        </test-method> <!-- updateReport -->
        <test-method signature="isThirdMuseumLocationCorrect()[pri:0, instance:TS01_Museums@140e5a13]" started-at="2020-06-14T15:46:46Z" name="isThirdMuseumLocationCorrect" finished-at="2020-06-14T15:46:52Z" duration-ms="5700" status="PASS">
          <reporter-output>
          </reporter-output>
        </test-method> <!-- isThirdMuseumLocationCorrect -->
        <test-method is-config="true" signature="updateReport(org.testng.ITestResult, java.lang.reflect.Method)[pri:0, instance:TS01_Museums@140e5a13]" started-at="2020-06-14T15:46:52Z" name="updateReport" finished-at="2020-06-14T15:46:52Z" duration-ms="4" status="PASS">
          <params>
            <param index="0">
              <value>
                <![CDATA[[TestResult name=isThirdMuseumLocationCorrect status=SUCCESS method=TS01_Museums.isThirdMuseumLocationCorrect()[pri:0, instance:TS01_Museums@140e5a13] output={null}]]]>
              </value>
            </param>
            <param index="1">
              <value>
                <![CDATA[public void TS01_Museums.isThirdMuseumLocationCorrect()]]>
              </value>
            </param>
          </params>
          <reporter-output>
          </reporter-output>
        </test-method> <!-- updateReport -->
        <test-method signature="isThirdMuseumWorkingHoursCorrect()[pri:0, instance:TS01_Museums@140e5a13]" started-at="2020-06-14T15:46:52Z" name="isThirdMuseumWorkingHoursCorrect" finished-at="2020-06-14T15:46:55Z" duration-ms="2853" status="PASS">
          <reporter-output>
          </reporter-output>
        </test-method> <!-- isThirdMuseumWorkingHoursCorrect -->
        <test-method is-config="true" signature="updateReport(org.testng.ITestResult, java.lang.reflect.Method)[pri:0, instance:TS01_Museums@140e5a13]" started-at="2020-06-14T15:46:55Z" name="updateReport" finished-at="2020-06-14T15:46:55Z" duration-ms="4" status="PASS">
          <params>
            <param index="0">
              <value>
                <![CDATA[[TestResult name=isThirdMuseumWorkingHoursCorrect status=SUCCESS method=TS01_Museums.isThirdMuseumWorkingHoursCorrect()[pri:0, instance:TS01_Museums@140e5a13] output={null}]]]>
              </value>
            </param>
            <param index="1">
              <value>
                <![CDATA[public void TS01_Museums.isThirdMuseumWorkingHoursCorrect()]]>
              </value>
            </param>
          </params>
          <reporter-output>
          </reporter-output>
        </test-method> <!-- updateReport -->
        <test-method is-config="true" signature="tearDown()[pri:0, instance:TS01_Museums@140e5a13]" started-at="2020-06-14T15:46:55Z" name="tearDown" finished-at="2020-06-14T15:46:55Z" duration-ms="107" status="PASS">
          <reporter-output>
          </reporter-output>
        </test-method> <!-- tearDown -->
      </class> <!-- TS01_Museums -->
    </test> <!-- Riyadh_Tour_Automation_TESTNG -->
  </suite> <!-- Default Suite -->
</testng-results>
